This is pdfTeX, Version 3.1415926-1.40.9 (MiKTeX 2.7) (preloaded format=pdflatex 2008.9.3)  1 SEP 2010 19:30
entering extended mode
**C:/NYU/saki/0831/Robustness_0831.tex
(C:/NYU/saki/0831/Robustness_0831.tex
LaTeX2e <2005/12/01>
Babel <v3.8l> and hyphenation patterns for english, dumylang, nohyphenation, ge
rman, ngerman, german-x-2008-06-18, ngerman-x-2008-06-18, french, loaded.
("C:\Program Files (x86)\MiKTeX 2.7\tex\latex\base\article.cls"
Document Class: article 2005/09/16 v1.4f Standard LaTeX document class
("C:\Program Files (x86)\MiKTeX 2.7\tex\latex\base\fleqn.clo"
File: fleqn.clo 1998/08/17 v1.1c Standard LaTeX option (flush left equations)
\mathindent=\dimen102
)
("C:\Program Files (x86)\MiKTeX 2.7\tex\latex\base\size11.clo"
File: size11.clo 2005/09/16 v1.4f Standard LaTeX file (size option)
)
\c@part=\count79
\c@section=\count80
\c@subsection=\count81
\c@subsubsection=\count82
\c@paragraph=\count83
\c@subparagraph=\count84
\c@figure=\count85
\c@table=\count86
\abovecaptionskip=\skip41
\belowcaptionskip=\skip42
\bibindent=\dimen103
)
("C:\Program Files (x86)\MiKTeX 2.7\tex\latex\base\makeidx.sty"
Package: makeidx 2000/03/29 v1.0m Standard LaTeX package
)
("C:\Program Files (x86)\MiKTeX 2.7\tex\latex\amsfonts\amsfonts.sty"
Package: amsfonts 2001/10/25 v2.2f
\@emptytoks=\toks14
\symAMSa=\mathgroup4
\symAMSb=\mathgroup5
LaTeX Font Info:    Overwriting math alphabet `\mathfrak' in version `bold'
(Font)                  U/euf/m/n --> U/euf/b/n on input line 132.
)
("C:\Program Files (x86)\MiKTeX 2.7\tex\latex\natbib\natbib.sty"
Package: natbib 2007/10/30 8.1 (PWD)
\bibhang=\skip43
\bibsep=\skip44
LaTeX Info: Redefining \cite on input line 602.
\c@NAT@ctr=\count87
)
("C:\Program Files (x86)\MiKTeX 2.7\tex\latex\amsmath\amsmath.sty"
Package: amsmath 2000/07/18 v2.13 AMS math features
\@mathmargin=\skip45

For additional information on amsmath, use the `?' option.
("C:\Program Files (x86)\MiKTeX 2.7\tex\latex\amsmath\amstext.sty"
Package: amstext 2000/06/29 v2.01

("C:\Program Files (x86)\MiKTeX 2.7\tex\latex\amsmath\amsgen.sty"
File: amsgen.sty 1999/11/30 v2.0
\@emptytoks=\toks15
\ex@=\dimen104
))
("C:\Program Files (x86)\MiKTeX 2.7\tex\latex\amsmath\amsbsy.sty"
Package: amsbsy 1999/11/29 v1.2d
\pmbraise@=\dimen105
)
("C:\Program Files (x86)\MiKTeX 2.7\tex\latex\amsmath\amsopn.sty"
Package: amsopn 1999/12/14 v2.01 operator names
)
\inf@bad=\count88
LaTeX Info: Redefining \frac on input line 211.
\uproot@=\count89
\leftroot@=\count90
LaTeX Info: Redefining \overline on input line 307.
\classnum@=\count91
\DOTSCASE@=\count92
LaTeX Info: Redefining \ldots on input line 379.
LaTeX Info: Redefining \dots on input line 382.
LaTeX Info: Redefining \cdots on input line 467.
\Mathstrutbox@=\box26
\strutbox@=\box27
\big@size=\dimen106
LaTeX Font Info:    Redeclaring font encoding OML on input line 567.
LaTeX Font Info:    Redeclaring font encoding OMS on input line 568.
\macc@depth=\count93
\c@MaxMatrixCols=\count94
\dotsspace@=\muskip10
\c@parentequation=\count95
\dspbrk@lvl=\count96
\tag@help=\toks16
\row@=\count97
\column@=\count98
\maxfields@=\count99
\andhelp@=\toks17
\eqnshift@=\dimen107
\alignsep@=\dimen108
\tagshift@=\dimen109
\tagwidth@=\dimen110
\totwidth@=\dimen111
\lineht@=\dimen112
\@envbody=\toks18
\multlinegap=\skip46
\multlinetaggap=\skip47
\mathdisplay@stack=\toks19
LaTeX Info: Redefining \[ on input line 2666.
LaTeX Info: Redefining \] on input line 2667.
)
("C:\Program Files (x86)\MiKTeX 2.7\tex\latex\amscls\amsthm.sty"
Package: amsthm 2004/08/06 v2.20
\thm@style=\toks20
\thm@bodyfont=\toks21
\thm@headfont=\toks22
\thm@notefont=\toks23
\thm@headpunct=\toks24
\thm@preskip=\skip48
\thm@postskip=\skip49
\thm@headsep=\skip50
\dth@everypar=\toks25
)
("C:\Program Files (x86)\MiKTeX 2.7\tex\latex\graphics\graphicx.sty"
Package: graphicx 1999/02/16 v1.0f Enhanced LaTeX Graphics (DPC,SPQR)

("C:\Program Files (x86)\MiKTeX 2.7\tex\latex\graphics\keyval.sty"
Package: keyval 1999/03/16 v1.13 key=value parser (DPC)
\KV@toks@=\toks26
)
("C:\Program Files (x86)\MiKTeX 2.7\tex\latex\graphics\graphics.sty"
Package: graphics 2006/02/20 v1.0o Standard LaTeX Graphics (DPC,SPQR)

("C:\Program Files (x86)\MiKTeX 2.7\tex\latex\graphics\trig.sty"
Package: trig 1999/03/16 v1.09 sin cos tan (DPC)
)
("C:\Program Files (x86)\MiKTeX 2.7\tex\latex\00miktex\graphics.cfg"
File: graphics.cfg 2007/01/18 v1.5 graphics configuration of teTeX/TeXLive
)
Package graphics Info: Driver file: pdftex.def on input line 90.

("C:\Program Files (x86)\MiKTeX 2.7\tex\latex\pdftex-def\pdftex.def"
File: pdftex.def 2008/07/16 v0.04k Graphics/color for pdfTeX
\Gread@gobject=\count100
))
\Gin@req@height=\dimen113
\Gin@req@width=\dimen114
)
("C:\Program Files (x86)\MiKTeX 2.7\tex\latex\hyperref\hyperref.sty"
Package: hyperref 2008/08/20 v6.78g Hypertext links for LaTeX

("C:\Program Files (x86)\MiKTeX 2.7\tex\generic\oberdiek\ifpdf.sty"
Package: ifpdf 2007/12/12 v1.6 Provides the ifpdf switch (HO)
Package ifpdf Info: pdfTeX in pdf mode detected.
)
("C:\Program Files (x86)\MiKTeX 2.7\tex\generic\oberdiek\ifvtex.sty"
Package: ifvtex 2007/09/09 v1.3 Switches for detecting VTeX and its modes (HO)
Package ifvtex Info: VTeX not detected.
)
("C:\Program Files (x86)\MiKTeX 2.7\tex\generic\ifxetex\ifxetex.sty"
Package: ifxetex 2006/08/21 v0.3 Provides ifxetex conditional
)
("C:\Program Files (x86)\MiKTeX 2.7\tex\latex\oberdiek\hycolor.sty"
Package: hycolor 2008/08/01 v1.3 Code for color options of hyperref/bookmark (H
O)

("C:\Program Files (x86)\MiKTeX 2.7\tex\latex\oberdiek\xcolor-patch.sty"
Package: xcolor-patch 2008/08/01 xcolor patch
))
\@linkdim=\dimen115
\Hy@linkcounter=\count101
\Hy@pagecounter=\count102

("C:\Program Files (x86)\MiKTeX 2.7\tex\latex\hyperref\pd1enc.def"
File: pd1enc.def 2008/08/20 v6.78g Hyperref: PDFDocEncoding definition (HO)
)
("C:\Program Files (x86)\MiKTeX 2.7\tex\generic\oberdiek\etexcmds.sty"
Package: etexcmds 2007/12/12 v1.2 Prefix for e-TeX command names (HO)

("C:\Program Files (x86)\MiKTeX 2.7\tex\generic\oberdiek\infwarerr.sty"
Package: infwarerr 2007/09/09 v1.2 Providing info/warning/message (HO)
)
Package etexcmds Info: Could not find \expanded.
(etexcmds)             That can mean that you are not using pdfTeX 1.50 or
(etexcmds)             that some package has redefined \expanded.
(etexcmds)             In the latter case, load this package earlier.
)
("C:\Program Files (x86)\MiKTeX 2.7\tex\latex\00miktex\hyperref.cfg"
File: hyperref.cfg 2002/06/06 v1.2 hyperref configuration of TeXLive
)
("C:\Program Files (x86)\MiKTeX 2.7\tex\latex\oberdiek\kvoptions.sty"
Package: kvoptions 2007/10/18 v3.0 Keyval support for LaTeX options (HO)
)
Package hyperref Info: Hyper figures OFF on input line 2879.
Package hyperref Info: Link nesting OFF on input line 2884.
Package hyperref Info: Hyper index ON on input line 2887.
Package hyperref Info: Plain pages OFF on input line 2894.
Package hyperref Info: Backreferencing OFF on input line 2899.

Implicit mode ON; LaTeX internals redefined
Package hyperref Info: Bookmarks ON on input line 3089.
("C:\Program Files (x86)\MiKTeX 2.7\tex\latex\ltxmisc\url.sty"
\Urlmuskip=\muskip11
Package: url 2006/04/12  ver 3.3  Verb mode for urls, etc.
)
LaTeX Info: Redefining \url on input line 3275.

("C:\Program Files (x86)\MiKTeX 2.7\tex\generic\oberdiek\bitset.sty"
Package: bitset 2007/09/28 v1.0 Data type bit set (HO)

("C:\Program Files (x86)\MiKTeX 2.7\tex\generic\oberdiek\intcalc.sty"
Package: intcalc 2007/09/27 v1.1 Expandable integer calculations (HO)
)
("C:\Program Files (x86)\MiKTeX 2.7\tex\generic\oberdiek\bigintcalc.sty"
Package: bigintcalc 2007/11/11 v1.1 Expandable big integer calculations (HO)

("C:\Program Files (x86)\MiKTeX 2.7\tex\generic\oberdiek\pdftexcmds.sty"
Package: pdftexcmds 2007/12/12 v0.3 LuaTeX support for pdfTeX utility functions
 (HO)
Package pdftexcmds Info: LuaTeX not detected on input line 139.
)))
("C:\Program Files (x86)\MiKTeX 2.7\tex\generic\oberdiek\kvsetkeys.sty"
Package: kvsetkeys 2007/09/29 v1.3 Key value parser with default handler suppor
t (HO)
)
\Fld@menulength=\count103
\Field@Width=\dimen116
\Fld@charsize=\dimen117
\Field@toks=\toks27
Package hyperref Info: Hyper figures OFF on input line 4192.
Package hyperref Info: Link nesting OFF on input line 4197.
Package hyperref Info: Hyper index ON on input line 4200.
Package hyperref Info: backreferencing OFF on input line 4207.
Package hyperref Info: Link coloring OFF on input line 4212.
Package hyperref Info: Link coloring with OCG OFF on input line 4217.
Package hyperref Info: PDF/A mode OFF on input line 4222.

("C:\Program Files (x86)\MiKTeX 2.7\tex\generic\oberdiek\atbegshi.sty"
Package: atbegshi 2008/07/31 v1.9 At begin shipout hook (HO)
)
\Hy@abspage=\count104
\c@Item=\count105
\c@Hfootnote=\count106
)
*hyperref using default driver hpdftex*
("C:\Program Files (x86)\MiKTeX 2.7\tex\latex\hyperref\hpdftex.def"
File: hpdftex.def 2008/08/20 v6.78g Hyperref driver for pdfTeX
\Fld@listcount=\count107
)
("C:\Program Files (x86)\MiKTeX 2.7\tex\latex\showlabels\showlabels.sty"
Package: showlabels 2008/07/24 v1.6.3

Package: `showlabels' v1.6.3 <2008/07/24>
with amsmath equation tags
\SL@labelposition=\count108
) ("C:\Program Files (x86)\MiKTeX 2.7\tex\latex\psnfss\mathptmx.sty"
Package: mathptmx 2005/04/12 PSNFSS-v9.2a Times w/ Math, improved (SPQR, WaS) 
LaTeX Font Info:    Redeclaring symbol font `operators' on input line 28.
LaTeX Font Info:    Overwriting symbol font `operators' in version `normal'
(Font)                  OT1/cmr/m/n --> OT1/ztmcm/m/n on input line 28.
LaTeX Font Info:    Overwriting symbol font `operators' in version `bold'
(Font)                  OT1/cmr/bx/n --> OT1/ztmcm/m/n on input line 28.
LaTeX Font Info:    Redeclaring symbol font `letters' on input line 29.
LaTeX Font Info:    Overwriting symbol font `letters' in version `normal'
(Font)                  OML/cmm/m/it --> OML/ztmcm/m/it on input line 29.
LaTeX Font Info:    Overwriting symbol font `letters' in version `bold'
(Font)                  OML/cmm/b/it --> OML/ztmcm/m/it on input line 29.
LaTeX Font Info:    Redeclaring symbol font `symbols' on input line 30.
LaTeX Font Info:    Overwriting symbol font `symbols' in version `normal'
(Font)                  OMS/cmsy/m/n --> OMS/ztmcm/m/n on input line 30.
LaTeX Font Info:    Overwriting symbol font `symbols' in version `bold'
(Font)                  OMS/cmsy/b/n --> OMS/ztmcm/m/n on input line 30.
LaTeX Font Info:    Redeclaring symbol font `largesymbols' on input line 31.
LaTeX Font Info:    Overwriting symbol font `largesymbols' in version `normal'
(Font)                  OMX/cmex/m/n --> OMX/ztmcm/m/n on input line 31.
LaTeX Font Info:    Overwriting symbol font `largesymbols' in version `bold'
(Font)                  OMX/cmex/m/n --> OMX/ztmcm/m/n on input line 31.
\symbold=\mathgroup6
\symitalic=\mathgroup7
LaTeX Font Info:    Redeclaring math alphabet \mathbf on input line 34.
LaTeX Font Info:    Overwriting math alphabet `\mathbf' in version `normal'
(Font)                  OT1/cmr/bx/n --> OT1/ptm/bx/n on input line 34.
LaTeX Font Info:    Overwriting math alphabet `\mathbf' in version `bold'
(Font)                  OT1/cmr/bx/n --> OT1/ptm/bx/n on input line 34.
LaTeX Font Info:    Redeclaring math alphabet \mathit on input line 35.
LaTeX Font Info:    Overwriting math alphabet `\mathit' in version `normal'
(Font)                  OT1/cmr/m/it --> OT1/ptm/m/it on input line 35.
LaTeX Font Info:    Overwriting math alphabet `\mathit' in version `bold'
(Font)                  OT1/cmr/bx/it --> OT1/ptm/m/it on input line 35.
LaTeX Info: Redefining \hbar on input line 50.
)
("C:\Program Files (x86)\MiKTeX 2.7\tex\latex\graphics\color.sty"
Package: color 2005/11/14 v1.0j Standard LaTeX Color (DPC)

("C:\Program Files (x86)\MiKTeX 2.7\tex\latex\00miktex\color.cfg"
File: color.cfg 2007/01/18 v1.5 color configuration of teTeX/TeXLive
)
Package color Info: Driver file: pdftex.def on input line 130.
)
("C:\Program Files (x86)\MiKTeX 2.7\tex\latex\titlesec\titlesec.sty"
Package: titlesec 2007/08/12 v2.8 Sectioning titles
\ttl@box=\box28
\beforetitleunit=\skip51
\aftertitleunit=\skip52
\ttl@plus=\dimen118
\ttl@minus=\dimen119
\ttl@toksa=\toks28
\titlewidth=\dimen120
\titlewidthlast=\dimen121
\titlewidthfirst=\dimen122
)
("C:\Program Files (x86)\MiKTeX 2.7\tex\latex\fancyhdr\fancyhdr.sty"
\fancy@headwidth=\skip53
\f@ncyO@elh=\skip54
\f@ncyO@erh=\skip55
\f@ncyO@olh=\skip56
\f@ncyO@orh=\skip57
\f@ncyO@elf=\skip58
\f@ncyO@erf=\skip59
\f@ncyO@olf=\skip60
\f@ncyO@orf=\skip61
)
("C:\Program Files (x86)\MiKTeX 2.7\tex\latex\setspace\setspace.sty"
Package: setspace 2000/12/01 6.7 Contributed and Supported LaTeX2e package

Package: `setspace' 6.7 <2000/12/01>
)
\c@theorem=\count109
\myFootnoteWidth=\skip62
\myFootnoteLabel=\skip63
Package hyperref Info: Option `colorlinks' set `true' on input line 55.
Package hyperref Info: Option `breaklinks' set `true' on input line 55.
Package hyperref Info: Option `frenchlinks' set `true' on input line 55.


LaTeX Warning: Unused global option(s):
    [letter].

(Robustness_0831.aux)
LaTeX Font Info:    Checking defaults for OML/cmm/m/it on input line 58.
LaTeX Font Info:    ... okay on input line 58.
LaTeX Font Info:    Checking defaults for T1/cmr/m/n on input line 58.
LaTeX Font Info:    ... okay on input line 58.
LaTeX Font Info:    Checking defaults for OT1/cmr/m/n on input line 58.
LaTeX Font Info:    ... okay on input line 58.
LaTeX Font Info:    Checking defaults for OMS/cmsy/m/n on input line 58.
LaTeX Font Info:    ... okay on input line 58.
LaTeX Font Info:    Checking defaults for OMX/cmex/m/n on input line 58.
LaTeX Font Info:    ... okay on input line 58.
LaTeX Font Info:    Checking defaults for U/cmr/m/n on input line 58.
LaTeX Font Info:    ... okay on input line 58.
LaTeX Font Info:    Checking defaults for PD1/pdf/m/n on input line 58.
LaTeX Font Info:    ... okay on input line 58.
LaTeX Font Info:    Try loading font information for OT1+ptm on input line 58.

("C:\Program Files (x86)\MiKTeX 2.7\tex\latex\psnfss\ot1ptm.fd"
File: ot1ptm.fd 2001/06/04 font definitions for OT1/ptm.
)
("C:\Program Files (x86)\MiKTeX 2.7\tex\context\base\supp-pdf.tex"
[Loading MPS to PDF converter (version 2006.09.02).]
\scratchcounter=\count110
\scratchdimen=\dimen123
\scratchbox=\box29
\nofMPsegments=\count111
\nofMParguments=\count112
\everyMPshowfont=\toks29
\MPscratchCnt=\count113
\MPscratchDim=\dimen124
\MPnumerator=\count114
\everyMPtoPDFconversion=\toks30
)
Package hyperref Info: Link coloring ON on input line 58.
 ("C:\Program Files (x86)\MiKTeX 2.7\tex\latex\hyperref\nameref.sty"
Package: nameref 2007/05/29 v2.31 Cross-referencing by name of section

("C:\Program Files (x86)\MiKTeX 2.7\tex\latex\oberdiek\refcount.sty"
Package: refcount 2008/08/11 v3.1 Data extraction from references (HO)
)
\c@section@level=\count115
)
LaTeX Info: Redefining \ref on input line 58.
LaTeX Info: Redefining \pageref on input line 58.

(Robustness_0831.out) (Robustness_0831.out)
\@outlinefile=\write3
\AtBeginShipoutBox=\box30
LaTeX Font Info:    Try loading font information for OT1+ztmcm on input line 64
.

("C:\Program Files (x86)\MiKTeX 2.7\tex\latex\psnfss\ot1ztmcm.fd"
File: ot1ztmcm.fd 2000/01/03 Fontinst v1.801 font definitions for OT1/ztmcm.
)
LaTeX Font Info:    Try loading font information for OML+ztmcm on input line 64
.

("C:\Program Files (x86)\MiKTeX 2.7\tex\latex\psnfss\omlztmcm.fd"
File: omlztmcm.fd 2000/01/03 Fontinst v1.801 font definitions for OML/ztmcm.
)
LaTeX Font Info:    Try loading font information for OMS+ztmcm on input line 64
.

("C:\Program Files (x86)\MiKTeX 2.7\tex\latex\psnfss\omsztmcm.fd"
File: omsztmcm.fd 2000/01/03 Fontinst v1.801 font definitions for OMS/ztmcm.
)
LaTeX Font Info:    Try loading font information for OMX+ztmcm on input line 64
.

("C:\Program Files (x86)\MiKTeX 2.7\tex\latex\psnfss\omxztmcm.fd"
File: omxztmcm.fd 2000/01/03 Fontinst v1.801 font definitions for OMX/ztmcm.
)
LaTeX Font Info:    Font shape `OT1/ptm/bx/n' in size <12> not available
(Font)              Font shape `OT1/ptm/b/n' tried instead on input line 64.
LaTeX Font Info:    Font shape `OT1/ptm/bx/n' in size <9> not available
(Font)              Font shape `OT1/ptm/b/n' tried instead on input line 64.
LaTeX Font Info:    Font shape `OT1/ptm/bx/n' in size <7> not available
(Font)              Font shape `OT1/ptm/b/n' tried instead on input line 64.
LaTeX Font Info:    Font shape `OT1/ptm/bx/n' in size <10.95> not available
(Font)              Font shape `OT1/ptm/b/n' tried instead on input line 77.
LaTeX Font Info:    Font shape `OT1/ptm/bx/n' in size <8> not available
(Font)              Font shape `OT1/ptm/b/n' tried instead on input line 77.
LaTeX Font Info:    Font shape `OT1/ptm/bx/n' in size <6> not available
(Font)              Font shape `OT1/ptm/b/n' tried instead on input line 77.
 [1

{C:/ProgramData/MiKTeX/2.7/pdftex/config/pdftex.map}]

LaTeX Font Warning: Command \scriptsize invalid in math mode on input line 112.



LaTeX Font Warning: Command \scriptsize invalid in math mode on input line 114.



LaTeX Font Warning: Command \scriptsize invalid in math mode on input line 116.



LaTeX Font Warning: Command \scriptsize invalid in math mode on input line 118.



LaTeX Font Warning: Command \scriptsize invalid in math mode on input line 129.



LaTeX Font Warning: Command \scriptsize invalid in math mode on input line 130.



LaTeX Font Warning: Command \scriptsize invalid in math mode on input line 130.



LaTeX Font Warning: Command \scriptsize invalid in math mode on input line 132.



LaTeX Font Warning: Command \scriptsize invalid in math mode on input line 133.



LaTeX Font Warning: Command \scriptsize invalid in math mode on input line 134.



LaTeX Font Warning: Command \scriptsize invalid in math mode on input line 134.



LaTeX Font Warning: Command \scriptsize invalid in math mode on input line 136.



LaTeX Font Warning: Command \scriptsize invalid in math mode on input line 137.



LaTeX Font Warning: Command \scriptsize invalid in math mode on input line 138.



LaTeX Font Warning: Command \scriptsize invalid in math mode on input line 139.



LaTeX Font Warning: Command \scriptsize invalid in math mode on input line 139.



LaTeX Font Warning: Command \scriptsize invalid in math mode on input line 141.


[2] [3]

LaTeX Font Warning: Command \scriptsize invalid in math mode on input line 197.



LaTeX Font Warning: Command \scriptsize invalid in math mode on input line 199.



LaTeX Font Warning: Command \scriptsize invalid in math mode on input line 201.



LaTeX Font Warning: Command \scriptsize invalid in math mode on input line 203.



LaTeX Font Warning: Command \scriptsize invalid in math mode on input line 205.


[4]

LaTeX Font Warning: Command \scriptsize invalid in math mode on input line 215.



LaTeX Font Warning: Command \scriptsize invalid in math mode on input line 216.



LaTeX Font Warning: Command \scriptsize invalid in math mode on input line 216.


LaTeX Font Info:    Try loading font information for OMS+cmtt on input line 218
.
LaTeX Font Info:    No file OMScmtt.fd. on input line 218.

LaTeX Font Warning: Font shape `OMS/cmtt/m/n' undefined
(Font)              using `OMS/cmsy/m/n' instead
(Font)              for symbol `textbraceleft' on input line 218.


LaTeX Font Warning: Command \scriptsize invalid in math mode on input line 218.



LaTeX Font Warning: Command \scriptsize invalid in math mode on input line 219.



LaTeX Font Warning: Command \scriptsize invalid in math mode on input line 220.



LaTeX Font Warning: Command \scriptsize invalid in math mode on input line 220.



LaTeX Font Warning: Command \scriptsize invalid in math mode on input line 222.



LaTeX Font Warning: Command \scriptsize invalid in math mode on input line 223.



LaTeX Font Warning: Command \scriptsize invalid in math mode on input line 224.



LaTeX Font Warning: Command \scriptsize invalid in math mode on input line 225.



LaTeX Font Warning: Command \scriptsize invalid in math mode on input line 225.



LaTeX Font Warning: Command \scriptsize invalid in math mode on input line 227.



LaTeX Font Warning: Command \scriptsize invalid in math mode on input line 229.



LaTeX Font Warning: Command \scriptsize invalid in math mode on input line 230.



LaTeX Font Warning: Command \scriptsize invalid in math mode on input line 231.



LaTeX Font Warning: Command \scriptsize invalid in math mode on input line 233.



LaTeX Font Warning: Command \scriptsize invalid in math mode on input line 233.


[5] [6]
Overfull \hbox (36.65169pt too wide) in paragraph at lines 282--285
\OT1/ptm/m/n/10.95 trixes: \OT1/cmtt/m/n/10.95 Phi[]c, Phi[]g, Phi[]i, Gamma, D
elta[]k, Theta[]k, Delta[]h,.Theta[]h, Lambda,
 []

LaTeX Font Info:    Try loading font information for OMS+ptm on input line 290.

("C:\Program Files (x86)\MiKTeX 2.7\tex\latex\psnfss\omsptm.fd"
File: omsptm.fd 
)
LaTeX Font Info:    Font shape `OMS/ptm/m/n' in size <10.95> not available
(Font)              Font shape `OMS/cmsy/m/n' tried instead on input line 290.
 [7]
Overfull \hbox (33.5561pt too wide) in paragraph at lines 343--343
 []\OT1/cmtt/m/n/10 if  cc_Phi_c~=cc_Theta_h || cc_Pi~=cc_Theta_h || cc_Phi_i~=
cc_Theta_k || ...[] 
 []


Overfull \hbox (59.80588pt too wide) in paragraph at lines 343--343
 []\OT1/cmtt/m/n/10 cc_Delta_h~=cc_Lambda || cc_Delta_k~=cc_Gamma || cc_U_b~=cc
_U_d || cc_U_b~=cc_A22[] 
 []


Overfull \hbox (49.30597pt too wide) in paragraph at lines 343--343
 []\OT1/cmtt/m/n/10 disp('Error -- dimensions of matrices do not match... check
 number of columns')[] 
 []


Overfull \hbox (17.80624pt too wide) in paragraph at lines 343--343
 []\OT1/cmtt/m/n/10 if  rr_Phi_c~=rr_Phi_g || rr_Phi_c~=rr_Phi_g || rr_Phi_c~=r
r_Gamma || ...[] 
 []


Overfull \hbox (80.8057pt too wide) in paragraph at lines 343--343
 []\OT1/cmtt/m/n/10 rr_Delta_k~=rr_Theta_k || rr_Delta_h~=rr_Theta_h || rr_Lamb
da~=rr_Pi || rr_A22~=rr_C2[] 
 []


Overfull \hbox (33.5561pt too wide) in paragraph at lines 343--343
 []\OT1/cmtt/m/n/10 disp('Error -- dimensions of matrices do not match... check
 number of rows')[] 
 []


Overfull \hbox (36.96776pt too wide) in paragraph at lines 346--347
 \OT1/cmtt/m/n/10.95 disp('Error -- dimensions of matrices do not match... chec
k number
 []

[8]

LaTeX Font Warning: Command \scriptsize invalid in math mode on input line 430.



LaTeX Font Warning: Command \scriptsize invalid in math mode on input line 430.


[9]
Overfull \hbox (88.70592pt too wide) in paragraph at lines 488--488
 []\OT1/cmtt/m/n/10.95 fprintf(fid,'stoch\_simul(solve\_algo=3, periods=\%g); \
n',irfperiods,periods); 
 []

[10] [11] [12]
Overfull \hbox (14.24608pt too wide) in paragraph at lines 621--622
[]\OT1/cmtt/m/n/10.95 %Optional: decide whether or not you want to directly exe
cute the generated
 []

[13] (Robustness_0831.aux)

LaTeX Font Warning: Some font shapes were not available, defaults substituted.

 ) 
Here is how much of TeX's memory you used:
 5794 strings out of 95304
 77757 string characters out of 1182843
 153425 words of memory out of 1500000
 8841 multiletter control sequences out of 110000
 42936 words of font info for 104 fonts, out of 1200000 for 2000
 14 hyphenation exceptions out of 8191
 36i,8n,43p,350b,426s stack positions out of 5000i,500n,10000p,200000b,5000s
{C:/Program Files (x86)/MiKTeX 2.7/fonts/enc/dvips/fontname/8r.enc}<C:/Progra
m Files (x86)/MiKTeX 2.7/fonts/type1/bluesky/cm/cmex10.pfb><C:/Program Files (x
86)/MiKTeX 2.7/fonts/type1/bluesky/cm/cmmi10.pfb><C:/Program Files (x86)/MiKTeX
 2.7/fonts/type1/bluesky/cm/cmr10.pfb><C:/Program Files (x86)/MiKTeX 2.7/fonts/
type1/bluesky/cm/cmssbx10.pfb><C:/Program Files (x86)/MiKTeX 2.7/fonts/type1/bl
uesky/cm/cmsy10.pfb><C:/Program Files (x86)/MiKTeX 2.7/fonts/type1/bluesky/cm/c
mtt10.pfb><C:/Program Files (x86)/MiKTeX 2.7/fonts/type1/urw/symbol/usyr.pfb><C
:/Program Files (x86)/MiKTeX 2.7/fonts/type1/urw/symbol/usyr.pfb><C:/Program Fi
les (x86)/MiKTeX 2.7/fonts/type1/urw/times/utmb8a.pfb><C:/Program Files (x86)/M
iKTeX 2.7/fonts/type1/urw/times/utmr8a.pfb><C:/Program Files (x86)/MiKTeX 2.7/f
onts/type1/urw/times/utmri8a.pfb>
Output written on Robustness_0831.pdf (13 pages, 122880 bytes).
PDF statistics:
 185 PDF objects out of 1000 (max. 8388607)
 41 named destinations out of 1000 (max. 131072)
 113 words of extra memory for PDF output out of 10000 (max. 10000000)

